<?xml version="1.0" encoding="UTF-8"?>
<testsuite name="com.jangjangyi.springboot.web.IndexControllerTest" tests="1" skipped="0" failures="0" errors="0" timestamp="2021-04-25T10:26:35" hostname="janghyeonjun-ui-MacBookPro.local" time="0.287">
  <properties/>
  <testcase name="메인페이지_로딩" classname="com.jangjangyi.springboot.web.IndexControllerTest" time="0.287"/>
  <system-out><![CDATA[2021-04-25 19:26:29.519  INFO 2829 --- [    Test worker] .b.t.c.SpringBootTestContextBootstrapper : Neither @ContextConfiguration nor @ContextHierarchy found for test class [com.jangjangyi.springboot.web.IndexControllerTest], using SpringBootContextLoader
2021-04-25 19:26:29.520  INFO 2829 --- [    Test worker] o.s.t.c.support.AbstractContextLoader    : Could not detect default resource locations for test class [com.jangjangyi.springboot.web.IndexControllerTest]: no resource found for suffixes {-context.xml, Context.groovy}.
2021-04-25 19:26:29.521  INFO 2829 --- [    Test worker] t.c.s.AnnotationConfigContextLoaderUtils : Could not detect default configuration classes for test class [com.jangjangyi.springboot.web.IndexControllerTest]: IndexControllerTest does not declare any static, non-private, non-final, nested classes annotated with @Configuration.
2021-04-25 19:26:29.523  INFO 2829 --- [    Test worker] .b.t.c.SpringBootTestContextBootstrapper : Found @SpringBootConfiguration com.jangjangyi.springboot.Application for test class com.jangjangyi.springboot.web.IndexControllerTest
2021-04-25 19:26:29.524  INFO 2829 --- [    Test worker] .b.t.c.SpringBootTestContextBootstrapper : Loaded default TestExecutionListener class names from location [META-INF/spring.factories]: [org.springframework.security.test.context.support.WithSecurityContextTestExecutionListener, org.springframework.security.test.context.support.ReactorContextTestExecutionListener, org.springframework.boot.test.autoconfigure.restdocs.RestDocsTestExecutionListener, org.springframework.boot.test.autoconfigure.web.client.MockRestServiceServerResetTestExecutionListener, org.springframework.boot.test.autoconfigure.web.servlet.MockMvcPrintOnlyOnFailureTestExecutionListener, org.springframework.boot.test.autoconfigure.web.servlet.WebDriverTestExecutionListener, org.springframework.boot.test.mock.mockito.MockitoTestExecutionListener, org.springframework.boot.test.mock.mockito.ResetMocksTestExecutionListener, org.springframework.test.context.web.ServletTestExecutionListener, org.springframework.test.context.support.DirtiesContextBeforeModesTestExecutionListener, org.springframework.test.context.support.DependencyInjectionTestExecutionListener, org.springframework.test.context.support.DirtiesContextTestExecutionListener, org.springframework.test.context.transaction.TransactionalTestExecutionListener, org.springframework.test.context.jdbc.SqlScriptsTestExecutionListener]
2021-04-25 19:26:29.525  INFO 2829 --- [    Test worker] .b.t.c.SpringBootTestContextBootstrapper : Using TestExecutionListeners: [org.springframework.test.context.web.ServletTestExecutionListener@65f16529, org.springframework.test.context.support.DirtiesContextBeforeModesTestExecutionListener@1ab227a6, org.springframework.boot.test.mock.mockito.MockitoTestExecutionListener@721e0997, org.springframework.boot.test.autoconfigure.SpringBootDependencyInjectionTestExecutionListener@7b965dad, org.springframework.test.context.support.DirtiesContextTestExecutionListener@15a0b7db, org.springframework.test.context.transaction.TransactionalTestExecutionListener@1ea42dde, org.springframework.test.context.jdbc.SqlScriptsTestExecutionListener@1cf4dd2c, org.springframework.security.test.context.support.WithSecurityContextTestExecutionListener@55c6802a, org.springframework.security.test.context.support.ReactorContextTestExecutionListener@45c8eb26, org.springframework.boot.test.autoconfigure.restdocs.RestDocsTestExecutionListener@7abde49c, org.springframework.boot.test.autoconfigure.web.client.MockRestServiceServerResetTestExecutionListener@409a4b5a, org.springframework.boot.test.autoconfigure.web.servlet.MockMvcPrintOnlyOnFailureTestExecutionListener@21bc54b3, org.springframework.boot.test.autoconfigure.web.servlet.WebDriverTestExecutionListener@23af0a79, org.springframework.boot.test.mock.mockito.ResetMocksTestExecutionListener@36a39394]

  .   ____          _            __ _ _
 /\\ / ___'_ __ _ _(_)_ __  __ _ \ \ \ \
( ( )\___ | '_ | '_| | '_ \/ _` | \ \ \ \
 \\/  ___)| |_)| | | | | || (_| |  ) ) ) )
  '  |____| .__|_| |_|_| |_\__, | / / / /
 =========|_|==============|___/=/_/_/_/
 :: Spring Boot ::        (v2.1.7.RELEASE)

2021-04-25 19:26:29.554  INFO 2829 --- [    Test worker] c.j.springboot.web.IndexControllerTest   : Starting IndexControllerTest on janghyeonjun-ui-MacBookPro.local with PID 2829 (started by janghyeonjun in /Users/janghyeonjun/IdeaProjects/springboot-webservice)
2021-04-25 19:26:29.554  INFO 2829 --- [    Test worker] c.j.springboot.web.IndexControllerTest   : No active profile set, falling back to default profiles: default
2021-04-25 19:26:29.984  INFO 2829 --- [    Test worker] .s.d.r.c.RepositoryConfigurationDelegate : Bootstrapping Spring Data repositories in DEFAULT mode.
2021-04-25 19:26:30.059  INFO 2829 --- [    Test worker] .s.d.r.c.RepositoryConfigurationDelegate : Finished Spring Data repository scanning in 63ms. Found 2 repository interfaces.
2021-04-25 19:26:30.410  INFO 2829 --- [    Test worker] trationDelegate$BeanPostProcessorChecker : Bean 'org.springframework.transaction.annotation.ProxyTransactionManagementConfiguration' of type [org.springframework.transaction.annotation.ProxyTransactionManagementConfiguration$$EnhancerBySpringCGLIB$$2b42fc7a] is not eligible for getting processed by all BeanPostProcessors (for example: not eligible for auto-proxying)
2021-04-25 19:26:30.827  INFO 2829 --- [    Test worker] o.s.b.w.embedded.tomcat.TomcatWebServer  : Tomcat initialized with port(s): 0 (http)
2021-04-25 19:26:30.865  INFO 2829 --- [    Test worker] o.apache.catalina.core.StandardService   : Starting service [Tomcat]
2021-04-25 19:26:30.866  INFO 2829 --- [    Test worker] org.apache.catalina.core.StandardEngine  : Starting Servlet engine: [Apache Tomcat/9.0.22]
2021-04-25 19:26:31.055  INFO 2829 --- [    Test worker] o.a.c.c.C.[Tomcat].[localhost].[/]       : Initializing Spring embedded WebApplicationContext
2021-04-25 19:26:31.056  INFO 2829 --- [    Test worker] o.s.web.context.ContextLoader            : Root WebApplicationContext: initialization completed in 1499 ms
2021-04-25 19:26:31.426  INFO 2829 --- [    Test worker] com.zaxxer.hikari.HikariDataSource       : HikariPool-1 - Starting...
2021-04-25 19:26:31.633  INFO 2829 --- [    Test worker] com.zaxxer.hikari.HikariDataSource       : HikariPool-1 - Start completed.
2021-04-25 19:26:31.748  INFO 2829 --- [    Test worker] o.hibernate.jpa.internal.util.LogHelper  : HHH000204: Processing PersistenceUnitInfo [
	name: default
	...]
2021-04-25 19:26:31.839  INFO 2829 --- [    Test worker] org.hibernate.Version                    : HHH000412: Hibernate Core {5.3.10.Final}
2021-04-25 19:26:31.842  INFO 2829 --- [    Test worker] org.hibernate.cfg.Environment            : HHH000206: hibernate.properties not found
2021-04-25 19:26:31.904  INFO 2829 --- [    Test worker] o.hibernate.annotations.common.Version   : HCANN000001: Hibernate Commons Annotations {5.0.4.Final}
2021-04-25 19:26:32.101  INFO 2829 --- [    Test worker] org.hibernate.dialect.Dialect            : HHH000400: Using dialect: org.hibernate.dialect.MySQL5InnoDBDialect
Hibernate: drop table if exists posts
Hibernate: drop table if exists user
Hibernate: create table posts (id bigint not null auto_increment, created_date datetime, modified_date datetime, author varchar(255), content TEXT not null, title varchar(500) not null, primary key (id)) engine=InnoDB
Hibernate: create table user (id bigint not null auto_increment, created_date datetime, modified_date datetime, email varchar(255) not null, name varchar(255) not null, picture varchar(255), role varchar(255) not null, primary key (id)) engine=InnoDB
2021-04-25 19:26:33.246  INFO 2829 --- [    Test worker] o.h.t.schema.internal.SchemaCreatorImpl  : HHH000476: Executing import script 'org.hibernate.tool.schema.internal.exec.ScriptSourceInputNonExistentImpl@6ae7d741'
2021-04-25 19:26:33.251  INFO 2829 --- [    Test worker] j.LocalContainerEntityManagerFactoryBean : Initialized JPA EntityManagerFactory for persistence unit 'default'
2021-04-25 19:26:34.183  INFO 2829 --- [    Test worker] o.h.h.i.QueryTranslatorFactoryInitiator  : HHH000397: Using ASTQueryTranslatorFactory
2021-04-25 19:26:34.553  INFO 2829 --- [    Test worker] o.s.s.web.DefaultSecurityFilterChain     : Creating filter chain: any request, [org.springframework.security.web.context.request.async.WebAsyncManagerIntegrationFilter@5ca3dec5, org.springframework.security.web.context.SecurityContextPersistenceFilter@47116ff2, org.springframework.security.web.header.HeaderWriterFilter@386b8cc3, org.springframework.security.web.authentication.logout.LogoutFilter@2ded8720, org.springframework.security.oauth2.client.web.OAuth2AuthorizationRequestRedirectFilter@3edd6a89, org.springframework.security.oauth2.client.web.OAuth2LoginAuthenticationFilter@6c4f74ab, org.springframework.security.web.authentication.ui.DefaultLoginPageGeneratingFilter@614f0a04, org.springframework.security.web.authentication.ui.DefaultLogoutPageGeneratingFilter@4d14a39b, org.springframework.security.web.savedrequest.RequestCacheAwareFilter@142be02d, org.springframework.security.web.servletapi.SecurityContextHolderAwareRequestFilter@70427bff, org.springframework.security.web.authentication.AnonymousAuthenticationFilter@5ae97cbe, org.springframework.security.web.session.SessionManagementFilter@32846310, org.springframework.security.web.access.ExceptionTranslationFilter@28df76d3, org.springframework.security.web.access.intercept.FilterSecurityInterceptor@435793a2]
2021-04-25 19:26:34.803  INFO 2829 --- [    Test worker] o.s.s.concurrent.ThreadPoolTaskExecutor  : Initializing ExecutorService 'applicationTaskExecutor'
2021-04-25 19:26:34.826  WARN 2829 --- [    Test worker] aWebConfiguration$JpaWebMvcConfiguration : spring.jpa.open-in-view is enabled by default. Therefore, database queries may be performed during view rendering. Explicitly configure spring.jpa.open-in-view to disable this warning
2021-04-25 19:26:34.875  INFO 2829 --- [    Test worker] o.s.b.a.w.s.WelcomePageHandlerMapping    : Adding welcome page template: index
2021-04-25 19:26:35.335  INFO 2829 --- [    Test worker] s.a.ScheduledAnnotationBeanPostProcessor : No TaskScheduler/ScheduledExecutorService bean found for scheduled processing
2021-04-25 19:26:35.365  INFO 2829 --- [    Test worker] o.s.b.w.embedded.tomcat.TomcatWebServer  : Tomcat started on port(s): 52234 (http) with context path ''
2021-04-25 19:26:35.366  INFO 2829 --- [    Test worker] c.j.springboot.web.IndexControllerTest   : Started IndexControllerTest in 5.838 seconds (JVM running for 10.07)
2021-04-25 19:26:35.491  INFO 2829 --- [o-auto-1-exec-1] o.a.c.c.C.[Tomcat].[localhost].[/]       : Initializing Spring DispatcherServlet 'dispatcherServlet'
2021-04-25 19:26:35.491  INFO 2829 --- [o-auto-1-exec-1] o.s.web.servlet.DispatcherServlet        : Initializing Servlet 'dispatcherServlet'
2021-04-25 19:26:35.511  INFO 2829 --- [o-auto-1-exec-1] o.s.web.servlet.DispatcherServlet        : Completed initialization in 20 ms
Hibernate: select posts0_.id as id1_0_, posts0_.created_date as created_2_0_, posts0_.modified_date as modified3_0_, posts0_.author as author4_0_, posts0_.content as content5_0_, posts0_.title as title6_0_ from posts posts0_ order by posts0_.id DESC
<!doctype html>
<html lang="en">
<head>
    <meta name="viewport"
          content="width=device-width, user-scalable=no, initial-scale=1.0, maximum-scale=1.0, minimum-scale=1.0">
    <meta http-equiv="Content-Type" content="text/html;charset=UTF-8">
    <title>스프링 부트 웹 서비스</title>
</head>
<body>
<!DOCTYPE HTML>
<html>
<head>
    <title>스프링부트 웹서비스</title>
    <meta http-equiv="Content-Type" content="text/html; charset=UTF-8" />

    <link rel="stylesheet" href="https://stackpath.bootstrapcdn.com/bootstrap/4.3.1/css/bootstrap.min.css">
</head>
<body>
<h1>스프링부트로 시작하는 웹 서비스 Ver.2</h1>
<div class="col-md-12">
    <div class="row">
        <div class="col-md-6">
            <a href="/posts/save" role="button" class="btn btn-primary">글 등록</a>
                <a href="/oauth2/authorization/google" class="btn btn-success active" role="button">Google Login</a>
                <a href="/oauth2/authorization/naver" class="btn btn-secondary active" role="button">Naver Login</a>
        </div>
    </div>
    <br>
    <!-- 목록 출력 영역 -->
    <table class="table table-horizontal table-bordered">
        <thead class="thead-strong">
        <tr>
            <th>게시글번호</th>
            <th>제목</th>
            <th>작성자</th>
            <th>최종수정일</th>
        </tr>
        </thead>
        <tbody id="tbody">
        </tbody>
    </table>
</div>
<script src="https://code.jquery.com/jquery-3.3.1.min.js"></script>
<script src="https://stackpath.bootstrapcdn.com/bootstrap/4.3.1/js/bootstrap.min.js"></script>

<!--index.js 추가-->
<script src="/js/app/index.js"></script>
</body>
</html>

</body>
</html>
]]></system-out>
  <system-err><![CDATA[]]></system-err>
</testsuite>
